2025-12-23 20:46:16 [USER] INFO: === /user endpoint called ===
2025-12-23 20:46:16 [USER] INFO: Received data: {
  "prompt": "get fit",
  "userDetails": {
    "age": 20,
    "weight": 52,
    "height": 168,
    "gender": "male",
    "activityLevel": "moderate",
    "targetWeight": 55,
    "timelineWeeks": 12,
    "healthGoals": "get fit"
  }
}
2025-12-23 20:46:16 [USER] INFO: Goal classification for 'get fit': get_fit
2025-12-23 20:46:16 [USER] INFO: === CALCULATION RESULTS ===
2025-12-23 20:46:16 [USER] INFO: Current weight: 52 kg
2025-12-23 20:46:16 [USER] INFO: Target weight: 55 kg
2025-12-23 20:46:16 [USER] INFO: TDEE: 2286
2025-12-23 20:46:16 [USER] INFO: Weight change: 3 kg
2025-12-23 20:46:16 [USER] INFO: Daily offset: 275
2025-12-23 20:46:16 [USER] INFO: Target calories: 2561
2025-12-23 20:46:16 [USER] INFO: Goal category: get_fit
2025-12-23 20:46:16 [USER] INFO: Workout focus: Mixed Cardio and Strength
2025-12-23 20:46:16 [USER] INFO: Macros: {"protein_g": 224, "fat_g": 100, "carbs_g": 192, "fiber_g": 36}
2025-12-23 20:46:16 [USER] INFO: Capped: False
2025-12-23 20:51:56 [USER] INFO: === /user endpoint called ===
2025-12-23 20:51:56 [USER] INFO: Received data: {
  "prompt": "get fit",
  "userDetails": {
    "age": 23,
    "weight": 54,
    "height": 167,
    "gender": "male",
    "activityLevel": "light",
    "targetWeight": 55,
    "timelineWeeks": 12,
    "healthGoals": "get fit"
  }
}
2025-12-23 20:51:56 [USER] INFO: Goal classification for 'get fit': get_fit
2025-12-23 20:51:56 [USER] INFO: === CALCULATION RESULTS ===
2025-12-23 20:51:56 [USER] INFO: Current weight: 54 kg
2025-12-23 20:51:56 [USER] INFO: Target weight: 55 kg
2025-12-23 20:51:56 [USER] INFO: TDEE: 2026
2025-12-23 20:51:56 [USER] INFO: Weight change: 1 kg
2025-12-23 20:51:56 [USER] INFO: Daily offset: 91
2025-12-23 20:51:56 [USER] INFO: Target calories: 2118
2025-12-23 20:51:56 [USER] INFO: Goal category: get_fit
2025-12-23 20:51:56 [USER] INFO: Workout focus: Mixed Cardio and Strength
2025-12-23 20:51:56 [USER] INFO: Macros: {"protein_g": 185, "fat_g": 82, "carbs_g": 159, "fiber_g": 30}
2025-12-23 20:51:56 [USER] INFO: Capped: False
